[2024-05-08 17:16:15,269][INFO] Start to install required packages: fio
[2024-05-08 17:16:15,271][INFO] The command is: yum install -y fio.
[2024-05-08 17:17:51,040][INFO] Execute command yum install -y fio succeed.
 Last metadata expiration check: 0:44:22 ago on Wed 08 May 2024 04:31:56 PM CST.
Dependencies resolved.
================================================================================
 Package                      Arch        Version                  Repo    Size
================================================================================
Installing:
 fio                          riscv64     3.34-2.oe2403            OS     409 k
Installing dependencies:
 gperftools-libs              riscv64     2.15-1.oe2403            OS     254 k
 libgfortran                  riscv64     12.3.1-19.oe2403         OS     383 k
 libunwind                    riscv64     2:1.7.2-2.oe2403         OS      55 k
 openblas                     riscv64     0.3.25-3.oe2403          OS     102 M
 openblas-devel               riscv64     0.3.25-3.oe2403          OS      95 k
 python3-attrs                noarch      23.2.0-1.oe2403          OS     122 k
 python3-execnet              noarch      2.0.2-1.oe2403           OS     246 k
 python3-hypothesis           noarch      6.98.9-1.oe2403          OS     939 k
 python3-iniconfig            noarch      2.0.0-1.oe2403           OS      23 k
 python3-numpy                riscv64     1:1.24.3-3.oe2403        OS     3.9 M
 python3-packaging            noarch      23.2-1.oe2403            OS     118 k
 python3-pandas               riscv64     2.2.0-1.oe2403           OS      16 M
 python3-pluggy               noarch      1.4.0-1.oe2403           OS      53 k
 python3-pytest               noarch      7.4.4-1.oe2403           OS     810 k
 python3-pytest-xdist         noarch      3.3.1-1.oe2403           OS      99 k
 python3-pytz                 noarch      2023.3-1.oe2403          OS      56 k
 python3-sortedcontainers     noarch      2.4.0-3.oe2403           OS      63 k
 python3-tzdata               noarch      2024.1-1.oe2403          OS     245 k

Transaction Summary
================================================================================
Install  19 Packages

Total download size: 126 M
Installed size: 893 M
Downloading Packages:
(1/19): fio-3.34-2.oe2403.riscv64.rpm           935 kB/s | 409 kB     00:00    
(2/19): libunwind-1.7.2-2.oe2403.riscv64.rpm    1.3 MB/s |  55 kB     00:00    
(3/19): gperftools-libs-2.15-1.oe2403.riscv64.r 176 kB/s | 254 kB     00:01    
(4/19): openblas-devel-0.3.25-3.oe2403.riscv64. 236 kB/s |  95 kB     00:00    
(5/19): libgfortran-12.3.1-19.oe2403.riscv64.rp 188 kB/s | 383 kB     00:02    
(6/19): python3-attrs-23.2.0-1.oe2403.noarch.rp 234 kB/s | 122 kB     00:00    
(7/19): python3-execnet-2.0.2-1.oe2403.noarch.r 204 kB/s | 246 kB     00:01    
(8/19): python3-iniconfig-2.0.0-1.oe2403.noarch  63 kB/s |  23 kB     00:00    
(9/19): python3-hypothesis-6.98.9-1.oe2403.noar 229 kB/s | 939 kB     00:04    
(10/19): python3-packaging-23.2-1.oe2403.noarch 152 kB/s | 118 kB     00:00    
(11/19): openblas-0.3.25-3.oe2403.riscv64.rpm   7.5 MB/s | 102 MB     00:13    
(12/19): python3-pluggy-1.4.0-1.oe2403.noarch.r  96 kB/s |  53 kB     00:00    
(13/19): python3-pandas-2.2.0-1.oe2403.riscv64. 1.9 MB/s |  16 MB     00:08    
(14/19): python3-numpy-1.24.3-3.oe2403.riscv64. 323 kB/s | 3.9 MB     00:12    
(15/19): python3-pytest-7.4.4-1.oe2403.noarch.r 680 kB/s | 810 kB     00:01    
(16/19): python3-pytest-xdist-3.3.1-1.oe2403.no 846 kB/s |  99 kB     00:00    
(17/19): python3-pytz-2023.3-1.oe2403.noarch.rp 880 kB/s |  56 kB     00:00    
(18/19): python3-sortedcontainers-2.4.0-3.oe240 1.2 MB/s |  63 kB     00:00    
(19/19): python3-tzdata-2024.1-1.oe2403.noarch. 2.1 MB/s | 245 kB     00:00    
--------------------------------------------------------------------------------
Total                                           7.8 MB/s | 126 MB     00:16     
Running transaction check
Transaction check succeeded.
Running transaction test
Transaction test succeeded.
Running transaction
  Preparing        :                                                        1/1 
  Installing       : python3-tzdata-2024.1-1.oe2403.noarch                 1/19 
  Installing       : python3-sortedcontainers-2.4.0-3.oe2403.noarch        2/19 
  Installing       : python3-pytz-2023.3-1.oe2403.noarch                   3/19 
  Installing       : python3-pluggy-1.4.0-1.oe2403.noarch                  4/19 
  Installing       : python3-packaging-23.2-1.oe2403.noarch                5/19 
  Installing       : python3-iniconfig-2.0.0-1.oe2403.noarch               6/19 
  Installing       : python3-pytest-7.4.4-1.oe2403.noarch                  7/19 
  Installing       : python3-execnet-2.0.2-1.oe2403.noarch                 8/19 
  Installing       : python3-pytest-xdist-3.3.1-1.oe2403.noarch            9/19 
  Installing       : python3-attrs-23.2.0-1.oe2403.noarch                 10/19 
  Installing       : python3-hypothesis-6.98.9-1.oe2403.noarch            11/19 
  Running scriptlet: libunwind-2:1.7.2-2.oe2403.riscv64                   12/19 
  Installing       : libunwind-2:1.7.2-2.oe2403.riscv64                   12/19 
  Installing       : gperftools-libs-2.15-1.oe2403.riscv64                13/19 
  Installing       : libgfortran-12.3.1-19.oe2403.riscv64                 14/19 
  Installing       : openblas-devel-0.3.25-3.oe2403.riscv64               15/19 
  Installing       : openblas-0.3.25-3.oe2403.riscv64                     16/19 
  Running scriptlet: openblas-0.3.25-3.oe2403.riscv64                     16/19 
  Installing       : python3-numpy-1:1.24.3-3.oe2403.riscv64              17/19 
  Installing       : python3-pandas-2.2.0-1.oe2403.riscv64                18/19 
  Installing       : fio-3.34-2.oe2403.riscv64                            19/19 
  Running scriptlet: fio-3.34-2.oe2403.riscv64                            19/19 
  Verifying        : fio-3.34-2.oe2403.riscv64                             1/19 
  Verifying        : gperftools-libs-2.15-1.oe2403.riscv64                 2/19 
  Verifying        : libgfortran-12.3.1-19.oe2403.riscv64                  3/19 
  Verifying        : libunwind-2:1.7.2-2.oe2403.riscv64                    4/19 
  Verifying        : openblas-0.3.25-3.oe2403.riscv64                      5/19 
  Verifying        : openblas-devel-0.3.25-3.oe2403.riscv64                6/19 
  Verifying        : python3-attrs-23.2.0-1.oe2403.noarch                  7/19 
  Verifying        : python3-execnet-2.0.2-1.oe2403.noarch                 8/19 
  Verifying        : python3-hypothesis-6.98.9-1.oe2403.noarch             9/19 
  Verifying        : python3-iniconfig-2.0.0-1.oe2403.noarch              10/19 
  Verifying        : python3-numpy-1:1.24.3-3.oe2403.riscv64              11/19 
  Verifying        : python3-packaging-23.2-1.oe2403.noarch               12/19 
  Verifying        : python3-pandas-2.2.0-1.oe2403.riscv64                13/19 
  Verifying        : python3-pluggy-1.4.0-1.oe2403.noarch                 14/19 
  Verifying        : python3-pytest-7.4.4-1.oe2403.noarch                 15/19 
  Verifying        : python3-pytest-xdist-3.3.1-1.oe2403.noarch           16/19 
  Verifying        : python3-pytz-2023.3-1.oe2403.noarch                  17/19 
  Verifying        : python3-sortedcontainers-2.4.0-3.oe2403.noarch       18/19 
  Verifying        : python3-tzdata-2024.1-1.oe2403.noarch                19/19 

Installed:
  fio-3.34-2.oe2403.riscv64                                                     
  gperftools-libs-2.15-1.oe2403.riscv64                                         
  libgfortran-12.3.1-19.oe2403.riscv64                                          
  libunwind-2:1.7.2-2.oe2403.riscv64                                            
  openblas-0.3.25-3.oe2403.riscv64                                              
  openblas-devel-0.3.25-3.oe2403.riscv64                                        
  python3-attrs-23.2.0-1.oe2403.noarch                                          
  python3-execnet-2.0.2-1.oe2403.noarch                                         
  python3-hypothesis-6.98.9-1.oe2403.noarch                                     
  python3-iniconfig-2.0.0-1.oe2403.noarch                                       
  python3-numpy-1:1.24.3-3.oe2403.riscv64                                       
  python3-packaging-23.2-1.oe2403.noarch                                        
  python3-pandas-2.2.0-1.oe2403.riscv64                                         
  python3-pluggy-1.4.0-1.oe2403.noarch                                          
  python3-pytest-7.4.4-1.oe2403.noarch                                          
  python3-pytest-xdist-3.3.1-1.oe2403.noarch                                    
  python3-pytz-2023.3-1.oe2403.noarch                                           
  python3-sortedcontainers-2.4.0-3.oe2403.noarch                                
  python3-tzdata-2024.1-1.oe2403.noarch                                         

Complete!

[2024-05-08 17:17:51,065][INFO] Start to run 1/2 test suite: disk.
[2024-05-08 17:17:52,191][INFO] End to run 1/2 test suite: disk.
[2024-05-08 17:17:52,193][ERROR] Test disk failed.
[2024-05-08 17:17:52,194][INFO] Start to run 2/2 test suite: system.
[2024-05-08 17:17:52,493][INFO] End to run 2/2 test suite: system.
[2024-05-08 17:17:52,494][ERROR] Test system failed.
[2024-05-08 17:17:52,495][INFO] There is no cert device need to export.
